[debug] [2025-12-22T12:18:16.061Z] ----------------------------------------------------------------------
[debug] [2025-12-22T12:18:16.066Z] Command:       C:\Program Files\nodejs\node.exe C:\Users\Satyam\AppData\Roaming\npm\node_modules\firebase-tools\lib\bin\firebase.js init
[debug] [2025-12-22T12:18:16.067Z] CLI Version:   15.1.0
[debug] [2025-12-22T12:18:16.067Z] Platform:      win32
[debug] [2025-12-22T12:18:16.067Z] Node Version:  v25.2.1
[debug] [2025-12-22T12:18:16.068Z] Time:          Mon Dec 22 2025 17:48:16 GMT+0530 (India Standard Time)
[debug] [2025-12-22T12:18:16.068Z] ----------------------------------------------------------------------
[debug] 
[debug] [2025-12-22T12:18:16.073Z] >>> [apiv2][query] GET https://firebase-public.firebaseio.com/cli.json [none]
[info] 
     ######## #### ########  ######## ########     ###     ######  ########
     ##        ##  ##     ## ##       ##     ##  ##   ##  ##       ##
     ######    ##  ########  ######   ########  #########  ######  ######
     ##        ##  ##    ##  ##       ##     ## ##     ##       ## ##
     ##       #### ##     ## ######## ########  ##     ##  ######  ########

You're about to initialize a Firebase project in this directory:

  F:\React\family_caregive\FRONTEND

[debug] [2025-12-22T12:18:19.761Z] <<< [apiv2][status] GET https://firebase-public.firebaseio.com/cli.json 200
[debug] [2025-12-22T12:18:19.762Z] <<< [apiv2][body] GET https://firebase-public.firebaseio.com/cli.json {"cloudBuildErrorAfter":1594252800000,"cloudBuildWarnAfter":1590019200000,"defaultNode10After":1594252800000,"minVersion":"3.0.5","node8DeploysDisabledAfter":1613390400000,"node8RuntimeDisabledAfter":1615809600000,"node8WarnAfter":1600128000000}
[debug] [2025-12-22T12:18:43.311Z] ExitPromptError: User force closed the prompt with SIGINT
    at Interface.sigint (C:\Users\Satyam\AppData\Roaming\npm\node_modules\firebase-tools\node_modules\@inquirer\core\dist\commonjs\lib\create-prompt.js:101:37)
    at Interface.emit (node:events:508:28)
    at [_ttyWrite] [as _ttyWrite] (node:internal/readline/interface:1327:18)
    at ReadStream.onkeypress (node:internal/readline/interface:284:20)
    at ReadStream.emit (node:events:520:35)
    at emitKeys (node:internal/readline/utils:371:14)
    at emitKeys.next (<anonymous>)
    at ReadStream.onData (node:internal/readline/emitKeypressEvents:64:36)
    at ReadStream.emit (node:events:508:28)
    at addChunk (node:internal/streams/readable:559:12)
[error] 
[error] Error: An unexpected error has occurred.
